<?xml version="1.0" encoding="UTF-8"?>
<testsuite name="TaskTest" tests="5" skipped="0" failures="0" errors="0" timestamp="2020-06-07T20:54:34" hostname="HOME-PC" time="0.012">
  <properties/>
  <testcase name="test1" classname="TaskTest" time="0.006"/>
  <testcase name="test2" classname="TaskTest" time="0.001"/>
  <testcase name="test3" classname="TaskTest" time="0.001"/>
  <testcase name="test4" classname="TaskTest" time="0.001"/>
  <testcase name="test5" classname="TaskTest" time="0.002"/>
  <system-out><![CDATA[]]></system-out>
  <system-err><![CDATA[]]></system-err>
</testsuite>
