<?xml version="1.0" encoding="UTF-8"?>
<testsuite name="TaskTest" tests="3" skipped="0" failures="0" errors="0" timestamp="2020-06-08T16:35:09" hostname="HOME-PC" time="0.033">
  <properties/>
  <testcase name="positiveTest" classname="TaskTest" time="0.011"/>
  <testcase name="negativeTest" classname="TaskTest" time="0.017"/>
  <testcase name="zeroTest" classname="TaskTest" time="0.003"/>
  <system-out><![CDATA[]]></system-out>
  <system-err><![CDATA[]]></system-err>
</testsuite>
