<?xml version="1.0" encoding="UTF-8"?>
<testsuite name="TaskTest" tests="3" skipped="0" failures="0" errors="0" timestamp="2020-06-06T20:08:52" hostname="HOME-PC" time="0.01">
  <properties/>
  <testcase name="positiveTest" classname="TaskTest" time="0.006"/>
  <testcase name="negativeTest" classname="TaskTest" time="0.001"/>
  <testcase name="zeroTest" classname="TaskTest" time="0.002"/>
  <system-out><![CDATA[]]></system-out>
  <system-err><![CDATA[]]></system-err>
</testsuite>
