<?xml version="1.0" encoding="UTF-8"?>
<testsuite name="TaskTest" tests="13" skipped="0" failures="0" errors="0" timestamp="2020-06-07T21:53:55" hostname="HOME-PC" time="0.025">
  <properties/>
  <testcase name="test10" classname="TaskTest" time="0.006"/>
  <testcase name="test11" classname="TaskTest" time="0.002"/>
  <testcase name="test12" classname="TaskTest" time="0.001"/>
  <testcase name="test13" classname="TaskTest" time="0.002"/>
  <testcase name="test1" classname="TaskTest" time="0.002"/>
  <testcase name="test2" classname="TaskTest" time="0.001"/>
  <testcase name="test3" classname="TaskTest" time="0.001"/>
  <testcase name="test4" classname="TaskTest" time="0.001"/>
  <testcase name="test5" classname="TaskTest" time="0.001"/>
  <testcase name="test6" classname="TaskTest" time="0.001"/>
  <testcase name="test7" classname="TaskTest" time="0.001"/>
  <testcase name="test8" classname="TaskTest" time="0.001"/>
  <testcase name="test9" classname="TaskTest" time="0.002"/>
  <system-out><![CDATA[]]></system-out>
  <system-err><![CDATA[]]></system-err>
</testsuite>
